<?xml version="1.0" encoding="UTF-8"?>
<testng-results ignored="0" total="1" passed="1" failed="0" skipped="0">
  <reporter-output>
  </reporter-output>
  <suite started-at="2025-09-19T12:58:53 IST" name="Default suite" finished-at="2025-09-19T12:59:17 IST" duration-ms="24010">
    <groups>
    </groups>
    <test started-at="2025-09-19T12:58:53 IST" name="Default test" finished-at="2025-09-19T12:59:17 IST" duration-ms="24010">
      <class name="runners.TestProject">
        <test-method is-config="true" signature="Initialization()[pri:0, instance:runners.TestProject@6025e1b6]" started-at="2025-09-19T12:58:53 IST" name="Initialization" finished-at="2025-09-19T12:58:59 IST" duration-ms="6369" status="PASS">
          <reporter-output>
          </reporter-output>
        </test-method> <!-- Initialization -->
        <test-method signature="Functionality()[pri:0, instance:runners.TestProject@6025e1b6]" started-at="2025-09-19T12:58:59 IST" name="Functionality" finished-at="2025-09-19T12:59:17 IST" duration-ms="17579" status="PASS">
          <reporter-output>
          </reporter-output>
        </test-method> <!-- Functionality -->
      </class> <!-- runners.TestProject -->
    </test> <!-- Default test -->
  </suite> <!-- Default suite -->
</testng-results>
